  PID UTIL.     PR  NI    VIRT    RES    SHR S  %CPU %MEM    TEMPS+ COM.
16914 ko4la     20   0  598584  24980   9368 S  0,0  0,4   0:00.27 pyt-ping.py
 3606 ko4la     20   0  598584  24980   9368 S  0,0  0,4   0:00.00 pyt-ping.py
 3607 ko4la     20   0  598584  24980   9368 S  0,0  0,4   0:00.00 pyt-ping.py
 3608 ko4la     20   0  598584  24980   9368 S  0,0  0,4   0:00.00 pyt-ping.py
 3609 ko4la     20   0  598584  24980   9368 S  0,0  0,4   0:00.00 pyt-ping.py
 3612 ko4la     20   0  598584  24980   9368 S  0,0  0,4   0:00.00 pyt-ping.py
16914 ko4la     20   0  598584  24980   9368 S  0,0  0,4   0:00.27 pyt-ping.py
 3623 ko4la     20   0  598584  24980   9368 S  0,0  0,4   0:00.00 pyt-ping.py
 3624 ko4la     20   0  598584  24980   9368 S  0,0  0,4   0:00.00 pyt-ping.py
 3634 ko4la     20   0  598584  24980   9368 S  0,0  0,4   0:00.00 pyt-ping.py
 3635 ko4la     20   0  598584  24980   9368 S  0,0  0,4   0:00.00 pyt-ping.py
 3637 ko4la     20   0  598584  24980   9368 S  0,0  0,4   0:00.00 pyt-ping.py
16914 ko4la     20   0  598584  24988   9368 S  0,0  0,4   0:00.27 pyt-ping.py
 3655 ko4la     20   0  598584  24988   9368 S  0,0  0,4   0:00.00 pyt-ping.py
 3656 ko4la     20   0  598584  24988   9368 S  0,0  0,4   0:00.00 pyt-ping.py
 3658 ko4la     20   0  598584  24988   9368 S  0,0  0,4   0:00.00 pyt-ping.py
 3659 ko4la     20   0  598584  24988   9368 S  0,0  0,4   0:00.00 pyt-ping.py
 3665 ko4la     20   0  598584  24988   9368 S  0,0  0,4   0:00.00 pyt-ping.py
16914 ko4la     20   0  598584  24988   9368 S  0,0  0,4   0:00.27 pyt-ping.py
 3684 ko4la     20   0  598584  24988   9368 S  0,0  0,4   0:00.00 pyt-ping.py
 3686 ko4la     20   0  598584  24988   9368 S  0,0  0,4   0:00.00 pyt-ping.py
 3687 ko4la     20   0  598584  24988   9368 S  0,0  0,4   0:00.00 pyt-ping.py
 3689 ko4la     20   0  598584  24988   9368 S  0,0  0,4   0:00.00 pyt-ping.py
 3690 ko4la     20   0  598584  24988   9368 S  0,0  0,4   0:00.00 pyt-ping.py
16914 ko4la     20   0  598584  24992   9368 S  0,0  0,4   0:00.27 pyt-ping.py
 3701 ko4la     20   0  598584  24992   9368 S  0,0  0,4   0:00.00 pyt-ping.py
 3702 ko4la     20   0  598584  24992   9368 S  0,0  0,4   0:00.00 pyt-ping.py
 3714 ko4la     20   0  598584  24992   9368 S  0,0  0,4   0:00.00 pyt-ping.py
 3715 ko4la     20   0  598584  24992   9368 S  0,0  0,4   0:00.00 pyt-ping.py
 3716 ko4la     20   0  598584  24992   9368 S  0,0  0,4   0:00.00 pyt-ping.py
16914 ko4la     20   0  598584  24992   9368 S  0,0  0,4   0:00.27 pyt-ping.py
 3923 ko4la     20   0  598584  24992   9368 S  0,0  0,4   0:00.00 pyt-ping.py
 3924 ko4la     20   0  598584  24992   9368 S  0,0  0,4   0:00.00 pyt-ping.py
 3926 ko4la     20   0  598584  24992   9368 S  0,0  0,4   0:00.00 pyt-ping.py
 3927 ko4la     20   0  598584  24992   9368 S  0,0  0,4   0:00.00 pyt-ping.py
 3933 ko4la     20   0  598584  24992   9368 S  0,0  0,4   0:00.00 pyt-ping.py
16914 ko4la     20   0  598584  24992   9368 S  0,0  0,4   0:00.27 pyt-ping.py
 3951 ko4la     20   0  598584  24992   9368 S  0,0  0,4   0:00.00 pyt-ping.py
 3952 ko4la     20   0  598584  24992   9368 S  0,0  0,4   0:00.00 pyt-ping.py
 3953 ko4la     20   0  598584  24992   9368 S  0,0  0,4   0:00.00 pyt-ping.py
 3954 ko4la     20   0  598584  24992   9368 S  0,0  0,4   0:00.00 pyt-ping.py
 3955 ko4la     20   0  598584  24992   9368 S  0,0  0,4   0:00.00 pyt-ping.py
16914 ko4la     20   0  598584  24996   9368 S  0,0  0,4   0:00.27 pyt-ping.py
 3969 ko4la     20   0  598584  24996   9368 S  0,0  0,4   0:00.00 pyt-ping.py
 3970 ko4la     20   0  598584  24996   9368 S  0,0  0,4   0:00.00 pyt-ping.py
 3979 ko4la     20   0  598584  24996   9368 S  0,0  0,4   0:00.00 pyt-ping.py
 3981 ko4la     20   0  598584  24996   9368 S  0,0  0,4   0:00.00 pyt-ping.py
 3982 ko4la     20   0  598584  24996   9368 S  0,0  0,4   0:00.00 pyt-ping.py
16914 ko4la     20   0  598584  24996   9368 S  0,0  0,4   0:00.27 pyt-ping.py
 3999 ko4la     20   0  598584  24996   9368 S  0,0  0,4   0:00.00 pyt-ping.py
 4000 ko4la     20   0  598584  24996   9368 S  0,0  0,4   0:00.00 pyt-ping.py
 4004 ko4la     20   0  598584  24996   9368 S  0,0  0,4   0:00.00 pyt-ping.py
 4009 ko4la     20   0  598584  24996   9368 S  0,0  0,4   0:00.00 pyt-ping.py
 4010 ko4la     20   0  598584  24996   9368 S  0,0  0,4   0:00.00 pyt-ping.py
16914 ko4la     20   0  598584  24996   9368 S  0,0  0,4   0:00.27 pyt-ping.py
 4027 ko4la     20   0  598584  24996   9368 S  0,0  0,4   0:00.00 pyt-ping.py
 4028 ko4la     20   0  598584  24996   9368 S  0,0  0,4   0:00.00 pyt-ping.py
 4030 ko4la     20   0  598584  24996   9368 S  0,0  0,4   0:00.00 pyt-ping.py
 4031 ko4la     20   0  598584  24996   9368 S  0,0  0,4   0:00.00 pyt-ping.py
 4032 ko4la     20   0  598584  24996   9368 S  0,0  0,4   0:00.00 pyt-ping.py
16914 ko4la     20   0  598584  25004   9368 S  0,0  0,4   0:00.27 pyt-ping.py
 4044 ko4la     20   0  598584  25004   9368 S  0,0  0,4   0:00.00 pyt-ping.py
 4045 ko4la     20   0  598584  25004   9368 S  0,0  0,4   0:00.00 pyt-ping.py
 4054 ko4la     20   0  598584  25004   9368 S  0,0  0,4   0:00.00 pyt-ping.py
 4055 ko4la     20   0  598584  25004   9368 S  0,0  0,4   0:00.00 pyt-ping.py
 4056 ko4la     20   0  598584  25004   9368 S  0,0  0,4   0:00.00 pyt-ping.py
16914 ko4la     20   0  598584  25004   9368 S  0,0  0,4   0:00.27 pyt-ping.py
 4074 ko4la     20   0  598584  25004   9368 S  0,0  0,4   0:00.00 pyt-ping.py
 4075 ko4la     20   0  598584  25004   9368 S  0,0  0,4   0:00.00 pyt-ping.py
 4079 ko4la     20   0  598584  25004   9368 S  0,0  0,4   0:00.00 pyt-ping.py
 4084 ko4la     20   0  598584  25004   9368 S  0,0  0,4   0:00.00 pyt-ping.py
 4085 ko4la     20   0  598584  25004   9368 S  0,0  0,4   0:00.00 pyt-ping.py
16914 ko4la     20   0  598584  25004   9368 S  0,0  0,4   0:00.27 pyt-ping.py
 4300 ko4la     20   0  598584  25004   9368 S  0,0  0,4   0:00.00 pyt-ping.py
 4301 ko4la     20   0  598584  25004   9368 S  0,0  0,4   0:00.00 pyt-ping.py
 4302 ko4la     20   0  598584  25004   9368 S  0,0  0,4   0:00.00 pyt-ping.py
 4303 ko4la     20   0  598584  25004   9368 S  0,0  0,4   0:00.00 pyt-ping.py
 4305 ko4la     20   0  598584  25004   9368 S  0,0  0,4   0:00.00 pyt-ping.py
16914 ko4la     20   0  598840  25008   9368 S  0,0  0,4   0:00.27 pyt-ping.py
 4316 ko4la     20   0  598840  25008   9368 S  0,0  0,4   0:00.00 pyt-ping.py
 4317 ko4la     20   0  598840  25008   9368 S  0,0  0,4   0:00.00 pyt-ping.py
 4327 ko4la     20   0  598840  25008   9368 S  0,0  0,4   0:00.00 pyt-ping.py
 4328 ko4la     20   0  598840  25008   9368 S  0,0  0,4   0:00.00 pyt-ping.py
 4329 ko4la     20   0  598840  25008   9368 S  0,0  0,4   0:00.00 pyt-ping.py
16914 ko4la     20   0  598840  25008   9368 S  0,0  0,4   0:00.27 pyt-ping.py
 4347 ko4la     20   0  598840  25008   9368 S  0,0  0,4   0:00.00 pyt-ping.py
 4348 ko4la     20   0  598840  25008   9368 S  0,0  0,4   0:00.00 pyt-ping.py
 4349 ko4la     20   0  598840  25008   9368 S  0,0  0,4   0:00.00 pyt-ping.py
 4351 ko4la     20   0  598840  25008   9368 S  0,0  0,4   0:00.00 pyt-ping.py
 4352 ko4la     20   0  598840  25008   9368 S  0,0  0,4   0:00.00 pyt-ping.py
16914 ko4la     20   0  598840  25008   9368 S  0,0  0,4   0:00.27 pyt-ping.py
 4375 ko4la     20   0  598840  25008   9368 S  0,0  0,4   0:00.00 pyt-ping.py
 4376 ko4la     20   0  598840  25008   9368 S  0,0  0,4   0:00.00 pyt-ping.py
 4377 ko4la     20   0  598840  25008   9368 S  0,0  0,4   0:00.00 pyt-ping.py
 4379 ko4la     20   0  598840  25008   9368 S  0,0  0,4   0:00.00 pyt-ping.py
 4380 ko4la     20   0  598840  25008   9368 S  0,0  0,4   0:00.00 pyt-ping.py
16914 ko4la     20   0  598840  25012   9368 S  0,0  0,4   0:00.27 pyt-ping.py
 4390 ko4la     20   0  598840  25012   9368 S  0,0  0,4   0:00.00 pyt-ping.py
 4391 ko4la     20   0  598840  25012   9368 S  0,0  0,4   0:00.00 pyt-ping.py
 4403 ko4la     20   0  598840  25012   9368 S  0,0  0,4   0:00.00 pyt-ping.py
 4405 ko4la     20   0  598840  25012   9368 S  0,0  0,4   0:00.00 pyt-ping.py
 4406 ko4la     20   0  598840  25012   9368 S  0,0  0,4   0:00.00 pyt-ping.py
16914 ko4la     20   0  598840  25016   9368 S  0,0  0,4   0:00.27 pyt-ping.py
 4421 ko4la     20   0  598840  25016   9368 S  0,0  0,4   0:00.00 pyt-ping.py
 4422 ko4la     20   0  598840  25016   9368 S  0,0  0,4   0:00.00 pyt-ping.py
 4424 ko4la     20   0  598840  25016   9368 S  0,0  0,4   0:00.00 pyt-ping.py
 4426 ko4la     20   0  598840  25016   9368 S  0,0  0,4   0:00.00 pyt-ping.py
 4432 ko4la     20   0  598840  25016   9368 S  0,0  0,4   0:00.00 pyt-ping.py
16914 ko4la     20   0  598840  25020   9368 S  0,0  0,4   0:00.27 pyt-ping.py
 4645 ko4la     20   0  598840  25020   9368 S  0,0  0,4   0:00.00 pyt-ping.py
 4646 ko4la     20   0  598840  25020   9368 S  0,0  0,4   0:00.00 pyt-ping.py
 4647 ko4la     20   0  598840  25020   9368 S  0,0  0,4   0:00.00 pyt-ping.py
 4648 ko4la     20   0  598840  25020   9368 S  0,0  0,4   0:00.00 pyt-ping.py
 4650 ko4la     20   0  598840  25020   9368 S  0,0  0,4   0:00.00 pyt-ping.py
16914 ko4la     20   0  598840  25020   9368 S  0,0  0,4   0:00.27 pyt-ping.py
 4663 ko4la     20   0  598840  25020   9368 S  0,0  0,4   0:00.00 pyt-ping.py
 4664 ko4la     20   0  598840  25020   9368 S  0,0  0,4   0:00.00 pyt-ping.py
 4673 ko4la     20   0  598840  25020   9368 S  0,0  0,4   0:00.00 pyt-ping.py
 4675 ko4la     20   0  598840  25020   9368 S  0,0  0,4   0:00.00 pyt-ping.py
 4676 ko4la     20   0  598840  25020   9368 S  0,0  0,4   0:00.00 pyt-ping.py
16914 ko4la     20   0  598840  25020   9368 S  0,0  0,4   0:00.27 pyt-ping.py
 4692 ko4la     20   0  598840  25020   9368 S  0,0  0,4   0:00.00 pyt-ping.py
 4693 ko4la     20   0  598840  25020   9368 S  0,0  0,4   0:00.00 pyt-ping.py
 4696 ko4la     20   0  598840  25020   9368 S  0,0  0,4   0:00.00 pyt-ping.py
 4697 ko4la     20   0  598840  25020   9368 S  0,0  0,4   0:00.00 pyt-ping.py
 4703 ko4la     20   0  598840  25020   9368 S  0,0  0,4   0:00.00 pyt-ping.py
16914 ko4la     20   0  598840  25024   9368 S  0,0  0,4   0:00.27 pyt-ping.py
 4722 ko4la     20   0  598840  25024   9368 S  0,0  0,4   0:00.00 pyt-ping.py
 4723 ko4la     20   0  598840  25024   9368 S  0,0  0,4   0:00.00 pyt-ping.py
 4724 ko4la     20   0  598840  25024   9368 S  0,0  0,4   0:00.00 pyt-ping.py
 4725 ko4la     20   0  598840  25024   9368 S  0,0  0,4   0:00.00 pyt-ping.py
