  PID UTIL.     PR  NI    VIRT    RES    SHR S  %CPU %MEM    TEMPS+ COM.
16914 ko4la     20   0  598196  24420   9368 S   0,0  0,3   0:03.75 pyt-ping.py
16914 ko4la     20   0  598196  24420   9368 S   1,0  0,3   0:03.78 pyt-ping.py
16914 ko4la     20   0  598196  24420   9368 S   1,3  0,3   0:03.82 pyt-ping.py
16914 ko4la     20   0  598196  24424   9368 S   0,3  0,3   0:03.83 pyt-ping.py
16914 ko4la     20   0  598196  24424   9368 S   1,3  0,3   0:03.87 pyt-ping.py
16914 ko4la     20   0  598196  24428   9368 S   1,0  0,3   0:03.90 pyt-ping.py
16914 ko4la     20   0  598196  24432   9368 S   0,7  0,3   0:03.92 pyt-ping.py
16914 ko4la     20   0  598196  24432   9368 S   1,3  0,3   0:03.96 pyt-ping.py
16914 ko4la     20   0  598196  24432   9368 S   1,0  0,3   0:03.99 pyt-ping.py
16914 ko4la     20   0  598328  24552   9368 S   1,0  0,3   0:04.02 pyt-ping.py
16914 ko4la     20   0  598328  24552   9368 S   1,0  0,3   0:04.05 pyt-ping.py
16914 ko4la     20   0  598328  24552   9368 S   1,0  0,3   0:04.08 pyt-ping.py
16914 ko4la     20   0  598328  24556   9368 S   1,0  0,3   0:04.11 pyt-ping.py
16914 ko4la     20   0  598328  24560   9368 S   1,0  0,3   0:04.14 pyt-ping.py
16914 ko4la     20   0  598328  24564   9368 S   1,0  0,3   0:04.17 pyt-ping.py
16914 ko4la     20   0  598328  24564   9368 S   1,0  0,3   0:04.20 pyt-ping.py
16914 ko4la     20   0  598328  24564   9368 S   0,7  0,3   0:04.22 pyt-ping.py
16914 ko4la     20   0  598328  24568   9368 S   1,0  0,3   0:04.25 pyt-ping.py
16914 ko4la     20   0  598328  24568   9368 S   1,0  0,3   0:04.28 pyt-ping.py
16914 ko4la     20   0  598328  24568   9368 S   0,3  0,3   0:04.29 pyt-ping.py
16914 ko4la     20   0  598328  24576   9368 S   1,3  0,3   0:04.33 pyt-ping.py
16914 ko4la     20   0  598328  24584   9368 S   0,7  0,3   0:04.35 pyt-ping.py
16914 ko4la     20   0  598328  24584   9368 S   1,0  0,3   0:04.38 pyt-ping.py
16914 ko4la     20   0  598328  24588   9368 S   0,7  0,3   0:04.40 pyt-ping.py
16914 ko4la     20   0  598328  24588   9368 S   1,0  0,3   0:04.43 pyt-ping.py
16914 ko4la     20   0  598328  24588   9368 S   1,0  0,3   0:04.46 pyt-ping.py
16914 ko4la     20   0  598328  24592   9368 S   0,7  0,3   0:04.48 pyt-ping.py
16914 ko4la     20   0  598328  24596   9368 S   1,0  0,3   0:04.51 pyt-ping.py
16914 ko4la     20   0  598328  24600   9368 S   1,0  0,3   0:04.54 pyt-ping.py
16914 ko4la     20   0  598328  24600   9368 S   0,7  0,3   0:04.56 pyt-ping.py
16914 ko4la     20   0  598328  24600   9368 S   1,3  0,3   0:04.60 pyt-ping.py
16914 ko4la     20   0  598328  24604   9368 S   1,0  0,3   0:04.63 pyt-ping.py
16914 ko4la     20   0  598328  24604   9368 S   0,7  0,3   0:04.65 pyt-ping.py
16914 ko4la     20   0  598328  24604   9368 S   1,0  0,3   0:04.68 pyt-ping.py
16914 ko4la     20   0  598328  24608   9368 S   0,7  0,3   0:04.70 pyt-ping.py
16914 ko4la     20   0  598328  24612   9368 S   1,0  0,3   0:04.73 pyt-ping.py
16914 ko4la     20   0  598328  24612   9368 S   0,7  0,3   0:04.75 pyt-ping.py
16914 ko4la     20   0  598328  24616   9368 S   1,3  0,3   0:04.79 pyt-ping.py
16914 ko4la     20   0  598328  24616   9368 S   0,7  0,3   0:04.81 pyt-ping.py
16914 ko4la     20   0  598328  24616   9368 S   1,0  0,3   0:04.84 pyt-ping.py
16914 ko4la     20   0  598328  24620   9368 S   1,0  0,3   0:04.87 pyt-ping.py
16914 ko4la     20   0  598328  24620   9368 S   0,7  0,3   0:04.89 pyt-ping.py
16914 ko4la     20   0  598328  24624   9368 S   1,0  0,3   0:04.92 pyt-ping.py
16914 ko4la     20   0  598328  24628   9368 S   1,0  0,3   0:04.95 pyt-ping.py
16914 ko4la     20   0  598328  24628   9368 S   1,0  0,3   0:04.98 pyt-ping.py
16914 ko4la     20   0  598328  24632   9368 S   0,7  0,3   0:05.00 pyt-ping.py
16914 ko4la     20   0  598328  24632   9368 S   1,3  0,3   0:05.04 pyt-ping.py
16914 ko4la     20   0  598328  24632   9368 S   0,7  0,3   0:05.06 pyt-ping.py
16914 ko4la     20   0  598328  24636   9368 S   1,0  0,3   0:05.09 pyt-ping.py
16914 ko4la     20   0  598328  24636   9368 S   1,0  0,3   0:05.12 pyt-ping.py
16914 ko4la     20   0  598328  24640   9368 S   0,7  0,3   0:05.14 pyt-ping.py
16914 ko4la     20   0  598328  24696   9368 S   1,0  0,3   0:05.17 pyt-ping.py
16914 ko4la     20   0  598328  24700   9368 S   1,0  0,3   0:05.20 pyt-ping.py
16914 ko4la     20   0  598328  24700   9368 S   0,7  0,3   0:05.22 pyt-ping.py
16914 ko4la     20   0  598328  24704   9368 S   0,7  0,3   0:05.24 pyt-ping.py
16914 ko4la     20   0  598328  24704   9368 S   1,3  0,3   0:05.28 pyt-ping.py
16914 ko4la     20   0  598328  24704   9368 S   0,7  0,3   0:05.30 pyt-ping.py
